#
# A fatal error has been detected by the Java Runtime Environment:
#
#  SIGFPE (0x8) at pc=0x000000018d21a8b0, pid=10525, tid=259
#
# JRE version: OpenJDK Runtime Environment Corretto-17.0.4.9.1 (17.0.4.1+9) (build 17.0.4.1+9-LTS)
# Java VM: OpenJDK 64-Bit Server VM Corretto-17.0.4.9.1 (17.0.4.1+9-LTS, mixed mode, emulated-client, sharing, tiered, compressed oops, compressed class ptrs, g1 gc, bsd-aarch64)
# Problematic frame:
# C  [libsystem_kernel.dylib+0x18b0]  mach_msg_trap+0x8
#
# No core dump will be written. Core dumps have been disabled. To enable core dumping, try "ulimit -c unlimited" before starting Java again
#
# If you would like to submit a bug report, please visit:
#   https://github.com/corretto/corretto-17/issues/
#

---------------  S U M M A R Y ------------

Command Line: -XX:TieredStopAtLevel=1 -Dfile.encoding=UTF-8 -Duser.country=KR -Duser.language=ko -Duser.variant com.example.configclient.ConfigClientApplication --spring.profiles.active=local

Host: "MacBookPro18,1" arm64, 10 cores, 16G, Darwin 21.6.0, macOS 12.6 (21G115)
Time: Mon Jan  9 22:40:09 2023 KST elapsed time: 299.393875 seconds (0d 0h 4m 59s)

---------------  T H R E A D  ---------------

Current thread is native thread

Stack: [0x000000016eb9c000,0x000000016f398000],  sp=0x000000016f393700,  free space=8157k
Native frames: (J=compiled Java code, j=interpreted, Vv=VM code, C=native code)
C  [libsystem_kernel.dylib+0x18b0]  mach_msg_trap+0x8
C  [CoreFoundation+0x85210]  __CFRunLoopServiceMachPort+0x174
C  [CoreFoundation+0x836c0]  __CFRunLoopRun+0x49c
C  [CoreFoundation+0x82a84]  CFRunLoopRunSpecific+0x258
C  [libjli.dylib+0xb6c8]  CreateExecutionEnvironment+0x194
C  [libjli.dylib+0x78b4]  JLI_Launch+0x498
C  [java+0x3ba8]  main+0x198
C  0x0000000100ab908c


siginfo: si_signo: 8 (SIGFPE), si_code: 0 (unknown), si_addr: 0x000000018d21a8b0

Registers:
 x0=0x0000000010004005  x1=0x0000000007000806  x2=0x0000000000000000  x3=0x0000000000000c00
 x4=0x0000000000001203  x5=0x00000000ffffffff  x6=0x0000000000000000  x7=0x00006000030a0000
 x8=0x00000000fffffbbf  x9=0x000000000925b418 x10=0x28132583894200fb x11=0x000000b2f55eba0a
x12=0x0000000000000c8f x13=0x00000000016e3600 x14=0x0000000000000000 x15=0x0000000000000000
x16=0xffffffffffffffe1 x17=0x00000001e69bfe68 x18=0x0000000000000000 x19=0x0000000000000000
x20=0x00000000ffffffff x21=0x0000000000001203 x22=0x0000000000000c00 x23=0x000000016f3938d0
x24=0x0000000007000806 x25=0x0000000000000000 x26=0x0000000007000806 x27=0x0000000000001203
x28=0x0000000000001203  fp=0x000000016f393750  lr=0x000000018d21ad20  sp=0x000000016f393700
pc=0x000000018d21a8b0 cpsr=0x0000000080001000
Top of Stack: (sp=0x000000016f393700)
0x000000016f393700:   0000000000001203 0000000000001203
0x000000016f393710:   00000000ffffffff 00000001e5cb8000
0x000000016f393720:   0000000000000c00 000000016f393850
0x000000016f393730:   00006000037a0100 0000000000000000
0x000000016f393740:   000000016f393848 000000016f3938d0
0x000000016f393750:   000000016f3937e0 094180018d325210
0x000000016f393760:   000000016f3937c8 000000016f393844
0x000000016f393770:   0000120307000806 000000016f393858
0x000000016f393780:   00000000ffffffff 00006000030a0000
0x000000016f393790:   0000000000000000 00000000ffffffff
0x000000016f3937a0:   0000000000000000 000000016f3938d0
0x000000016f3937b0:   0000000000001203 0000000000001103
0x000000016f3937c0:   0000000000000000 00006000037a0100
0x000000016f3937d0:   0000000000000c03 00006000030a0000
0x000000016f3937e0:   000000016f394540 116580018d3236c0
0x000000016f3937f0:   0000000100b2c008 0000000100a68000
0x000000016f393800:   00000001e68e4000 00006000030a00b8
0x000000016f393810:   0000000000000000 0000000000000c03
0x000000016f393820:   0000000000001103 00006000037a0110
0x000000016f393830:   00006000030a0010 ffffffffffffffff
0x000000016f393840:   0000000000000c03 000000016f3938d0
0x000000016f393850:   0000000000000000 ffffffffffffffff
0x000000016f393860:   0000000100b2c008 0000000000000000
0x000000016f393870:   0000000100b68060 000000016f395060
0x000000016f393880:   000000016f3957c0 9f77000100ab9e4c
0x000000016f393890:   0000000100a68000 0000000100c68000
0x000000016f3938a0:   00000001a3c40000 000000018fe49000
0x000000016f3938b0:   0000000193360000 000000018e1a4000
0x000000016f3938c0:   0000000197dbd000 0000000190d02000
0x000000016f3938d0:   00000c0000000000 0000120300000000
0x000000016f3938e0:   0000000099aff000 0000000199b88000
0x000000016f3938f0:   0000000198ff4000 0000000190f73000 

Instructions: (pc=0x000000018d21a8b0)
0x000000018d21a7b0:   a9435ff8 a94267fa a9416ffc 9101c3ff
0x000000018d21a7c0:   d65f0fff 92800130 d4001001 d65f03c0
0x000000018d21a7d0:   92800150 d4001001 d65f03c0 92800170
0x000000018d21a7e0:   d4001001 d65f03c0 92800190 d4001001
0x000000018d21a7f0:   d65f03c0 928001b0 d4001001 d65f03c0
0x000000018d21a800:   928001d0 d4001001 d65f03c0 928001f0
0x000000018d21a810:   d4001001 d65f03c0 92800230 d4001001
0x000000018d21a820:   d65f03c0 92800250 d4001001 d65f03c0
0x000000018d21a830:   92800270 d4001001 d65f03c0 92800290
0x000000018d21a840:   d4001001 d65f03c0 928002b0 d4001001
0x000000018d21a850:   d65f03c0 928002d0 d4001001 d65f03c0
0x000000018d21a860:   928002f0 d4001001 d65f03c0 92800310
0x000000018d21a870:   d4001001 d65f03c0 92800330 d4001001
0x000000018d21a880:   d65f03c0 92800350 d4001001 d65f03c0
0x000000018d21a890:   92800370 d4001001 d65f03c0 92800390
0x000000018d21a8a0:   d4001001 d65f03c0 928003d0 d4001001
0x000000018d21a8b0:   d65f03c0 928003f0 d4001001 d65f03c0
0x000000018d21a8c0:   92800410 d4001001 d65f03c0 92800430
0x000000018d21a8d0:   d4001001 d65f03c0 92800450 d4001001
0x000000018d21a8e0:   d65f03c0 92800470 d4001001 d65f03c0
0x000000018d21a8f0:   92800490 d4001001 d65f03c0 928004b0
0x000000018d21a900:   d4001001 d65f03c0 928004d0 d4001001
0x000000018d21a910:   d65f03c0 928004f0 d4001001 d65f03c0
0x000000018d21a920:   92800510 d4001001 d65f03c0 92800530
0x000000018d21a930:   d4001001 d65f03c0 92800550 d4001001
0x000000018d21a940:   d65f03c0 92800570 d4001001 d65f03c0
0x000000018d21a950:   92800590 d4001001 d65f03c0 928005b0
0x000000018d21a960:   d4001001 d65f03c0 928005f0 d4001001
0x000000018d21a970:   d65f03c0 92800610 d4001001 d65f03c0
0x000000018d21a980:   92800630 d4001001 d65f03c0 92800650
0x000000018d21a990:   d4001001 d65f03c0 92800670 d4001001
0x000000018d21a9a0:   d65f03c0 92800690 d4001001 d65f03c0 



---------------  P R O C E S S  ---------------

VM state: not at safepoint (normal execution)

VM Mutex/Monitor currently owned by a thread: None

Heap address: 0x0000000700000000, size: 4096 MB, Compressed Oops mode: Zero based, Oop shift amount: 3

CDS archive(s) mapped at: [0x0000000800000000-0x0000000800bd8000-0x0000000800bd8000), size 12419072, SharedBaseAddress: 0x0000000800000000, ArchiveRelocationMode: 0.
Compressed class space mapped at: 0x0000000800c00000-0x0000000840c00000, reserved size: 1073741824
Narrow klass base: 0x0000000800000000, Narrow klass shift: 0, Narrow klass range: 0x100000000

GC Precious Log:
<Skipped>

Heap:
 garbage-first heap   total 161792K, used 66980K [0x0000000700000000, 0x0000000800000000)
  region size 2048K, 26 young (53248K), 1 survivors (2048K)
 Metaspace       used 32659K, committed 32960K, reserved 1081344K
  class space    used 4582K, committed 4736K, reserved 1048576K

Heap Regions: E=young(eden), S=young(survivor), O=old, HS=humongous(starts), HC=humongous(continues), CS=collection set, F=free, OA=open archive, CA=closed archive, TAMS=top-at-mark-start (previous, next)
|   0|0x0000000700000000, 0x0000000700200000, 0x0000000700200000|100%| O|  |TAMS 0x0000000700200000, 0x0000000700000000| Untracked 
|   1|0x0000000700200000, 0x0000000700400000, 0x0000000700400000|100%| O|  |TAMS 0x0000000700400000, 0x0000000700200000| Untracked 
|   2|0x0000000700400000, 0x0000000700400000, 0x0000000700600000|  0%| F|  |TAMS 0x0000000700400000, 0x0000000700400000| Untracked 
|   3|0x0000000700600000, 0x0000000700800000, 0x0000000700800000|100%| O|  |TAMS 0x0000000700600000, 0x0000000700600000| Untracked 
|   4|0x0000000700800000, 0x0000000700800000, 0x0000000700a00000|  0%| F|  |TAMS 0x0000000700800000, 0x0000000700800000| Untracked 
|   5|0x0000000700a00000, 0x0000000700a00000, 0x0000000700c00000|  0%| F|  |TAMS 0x0000000700a00000, 0x0000000700a00000| Untracked 
|   6|0x0000000700c00000, 0x0000000700c00000, 0x0000000700e00000|  0%| F|  |TAMS 0x0000000700c00000, 0x0000000700c00000| Untracked 
|   7|0x0000000700e00000, 0x0000000700e00000, 0x0000000701000000|  0%| F|  |TAMS 0x0000000700e00000, 0x0000000700e00000| Untracked 
|   8|0x0000000701000000, 0x0000000701000000, 0x0000000701200000|  0%| F|  |TAMS 0x0000000701000000, 0x0000000701000000| Untracked 
|   9|0x0000000701200000, 0x0000000701400000, 0x0000000701400000|100%| O|  |TAMS 0x0000000701200000, 0x0000000701200000| Untracked 
|  10|0x0000000701400000, 0x0000000701600000, 0x0000000701600000|100%| O|  |TAMS 0x0000000701400000, 0x0000000701400000| Untracked 
|  11|0x0000000701600000, 0x0000000701800000, 0x0000000701800000|100%| O|  |TAMS 0x0000000701600000, 0x0000000701600000| Untracked 
|  12|0x0000000701800000, 0x0000000701908000, 0x0000000701a00000| 51%| O|  |TAMS 0x0000000701800000, 0x0000000701800000| Untracked 
|  13|0x0000000701a00000, 0x0000000701a00000, 0x0000000701c00000|  0%| F|  |TAMS 0x0000000701a00000, 0x0000000701a00000| Untracked 
|  14|0x0000000701c00000, 0x0000000701c00000, 0x0000000701e00000|  0%| F|  |TAMS 0x0000000701c00000, 0x0000000701c00000| Untracked 
|  15|0x0000000701e00000, 0x0000000701e00000, 0x0000000702000000|  0%| F|  |TAMS 0x0000000701e00000, 0x0000000701e00000| Untracked 
|  16|0x0000000702000000, 0x0000000702000000, 0x0000000702200000|  0%| F|  |TAMS 0x0000000702000000, 0x0000000702000000| Untracked 
|  17|0x0000000702200000, 0x0000000702200000, 0x0000000702400000|  0%| F|  |TAMS 0x0000000702200000, 0x0000000702200000| Untracked 
|  18|0x0000000702400000, 0x0000000702400000, 0x0000000702600000|  0%| F|  |TAMS 0x0000000702400000, 0x0000000702400000| Untracked 
|  19|0x0000000702600000, 0x0000000702600000, 0x0000000702800000|  0%| F|  |TAMS 0x0000000702600000, 0x0000000702600000| Untracked 
|  20|0x0000000702800000, 0x0000000702800000, 0x0000000702a00000|  0%| F|  |TAMS 0x0000000702800000, 0x0000000702800000| Untracked 
|  21|0x0000000702a00000, 0x0000000702a00000, 0x0000000702c00000|  0%| F|  |TAMS 0x0000000702a00000, 0x0000000702a00000| Untracked 
|  22|0x0000000702c00000, 0x0000000702c00000, 0x0000000702e00000|  0%| F|  |TAMS 0x0000000702c00000, 0x0000000702c00000| Untracked 
|  23|0x0000000702e00000, 0x0000000702e00000, 0x0000000703000000|  0%| F|  |TAMS 0x0000000702e00000, 0x0000000702e00000| Untracked 
|  24|0x0000000703000000, 0x0000000703000000, 0x0000000703200000|  0%| F|  |TAMS 0x0000000703000000, 0x0000000703000000| Untracked 
|  25|0x0000000703200000, 0x0000000703200000, 0x0000000703400000|  0%| F|  |TAMS 0x0000000703200000, 0x0000000703200000| Untracked 
|  26|0x0000000703400000, 0x0000000703400000, 0x0000000703600000|  0%| F|  |TAMS 0x0000000703400000, 0x0000000703400000| Untracked 
|  27|0x0000000703600000, 0x0000000703600000, 0x0000000703800000|  0%| F|  |TAMS 0x0000000703600000, 0x0000000703600000| Untracked 
|  28|0x0000000703800000, 0x0000000703800000, 0x0000000703a00000|  0%| F|  |TAMS 0x0000000703800000, 0x0000000703800000| Untracked 
|  29|0x0000000703a00000, 0x0000000703a00000, 0x0000000703c00000|  0%| F|  |TAMS 0x0000000703a00000, 0x0000000703a00000| Untracked 
|  30|0x0000000703c00000, 0x0000000703c00000, 0x0000000703e00000|  0%| F|  |TAMS 0x0000000703c00000, 0x0000000703c00000| Untracked 
|  31|0x0000000703e00000, 0x0000000703e00000, 0x0000000704000000|  0%| F|  |TAMS 0x0000000703e00000, 0x0000000703e00000| Untracked 
|  32|0x0000000704000000, 0x0000000704000000, 0x0000000704200000|  0%| F|  |TAMS 0x0000000704000000, 0x0000000704000000| Untracked 
|  33|0x0000000704200000, 0x0000000704200000, 0x0000000704400000|  0%| F|  |TAMS 0x0000000704200000, 0x0000000704200000| Untracked 
|  34|0x0000000704400000, 0x0000000704400000, 0x0000000704600000|  0%| F|  |TAMS 0x0000000704400000, 0x0000000704400000| Untracked 
|  35|0x0000000704600000, 0x0000000704600000, 0x0000000704800000|  0%| F|  |TAMS 0x0000000704600000, 0x0000000704600000| Untracked 
|  36|0x0000000704800000, 0x0000000704800000, 0x0000000704a00000|  0%| F|  |TAMS 0x0000000704800000, 0x0000000704800000| Untracked 
|  37|0x0000000704a00000, 0x0000000704a00000, 0x0000000704c00000|  0%| F|  |TAMS 0x0000000704a00000, 0x0000000704a00000| Untracked 
|  38|0x0000000704c00000, 0x0000000704c00000, 0x0000000704e00000|  0%| F|  |TAMS 0x0000000704c00000, 0x0000000704c00000| Untracked 
|  39|0x0000000704e00000, 0x0000000704e00000, 0x0000000705000000|  0%| F|  |TAMS 0x0000000704e00000, 0x0000000704e00000| Untracked 
|  40|0x0000000705000000, 0x0000000705000000, 0x0000000705200000|  0%| F|  |TAMS 0x0000000705000000, 0x0000000705000000| Untracked 
|  41|0x0000000705200000, 0x0000000705200000, 0x0000000705400000|  0%| F|  |TAMS 0x0000000705200000, 0x0000000705200000| Untracked 
|  42|0x0000000705400000, 0x0000000705400000, 0x0000000705600000|  0%| F|  |TAMS 0x0000000705400000, 0x0000000705400000| Untracked 
|  43|0x0000000705600000, 0x0000000705600000, 0x0000000705800000|  0%| F|  |TAMS 0x0000000705600000, 0x0000000705600000| Untracked 
|  44|0x0000000705800000, 0x0000000705800000, 0x0000000705a00000|  0%| F|  |TAMS 0x0000000705800000, 0x0000000705800000| Untracked 
|  45|0x0000000705a00000, 0x0000000705a00000, 0x0000000705c00000|  0%| F|  |TAMS 0x0000000705a00000, 0x0000000705a00000| Untracked 
|  46|0x0000000705c00000, 0x0000000705c00000, 0x0000000705e00000|  0%| F|  |TAMS 0x0000000705c00000, 0x0000000705c00000| Untracked 
|  47|0x0000000705e00000, 0x0000000705e00000, 0x0000000706000000|  0%| F|  |TAMS 0x0000000705e00000, 0x0000000705e00000| Untracked 
|  48|0x0000000706000000, 0x0000000706000000, 0x0000000706200000|  0%| F|  |TAMS 0x0000000706000000, 0x0000000706000000| Untracked 
|  49|0x0000000706200000, 0x0000000706200000, 0x0000000706400000|  0%| F|  |TAMS 0x0000000706200000, 0x0000000706200000| Untracked 
|  50|0x0000000706400000, 0x0000000706400000, 0x0000000706600000|  0%| F|  |TAMS 0x0000000706400000, 0x0000000706400000| Untracked 
|  51|0x0000000706600000, 0x00000007066ec078, 0x0000000706800000| 46%| E|  |TAMS 0x0000000706600000, 0x0000000706600000| Complete 
|  52|0x0000000706800000, 0x0000000706a00000, 0x0000000706a00000|100%| E|CS|TAMS 0x0000000706800000, 0x0000000706800000| Complete 
|  53|0x0000000706a00000, 0x0000000706c00000, 0x0000000706c00000|100%| E|CS|TAMS 0x0000000706a00000, 0x0000000706a00000| Complete 
|  54|0x0000000706c00000, 0x0000000706e00000, 0x0000000706e00000|100%| E|CS|TAMS 0x0000000706c00000, 0x0000000706c00000| Complete 
|  55|0x0000000706e00000, 0x0000000707000000, 0x0000000707000000|100%| E|CS|TAMS 0x0000000706e00000, 0x0000000706e00000| Complete 
|  56|0x0000000707000000, 0x0000000707200000, 0x0000000707200000|100%| E|CS|TAMS 0x0000000707000000, 0x0000000707000000| Complete 
|  57|0x0000000707200000, 0x0000000707400000, 0x0000000707400000|100%| E|CS|TAMS 0x0000000707200000, 0x0000000707200000| Complete 
|  58|0x0000000707400000, 0x0000000707600000, 0x0000000707600000|100%| E|CS|TAMS 0x0000000707400000, 0x0000000707400000| Complete 
|  59|0x0000000707600000, 0x0000000707800000, 0x0000000707800000|100%| E|CS|TAMS 0x0000000707600000, 0x0000000707600000| Complete 
|  60|0x0000000707800000, 0x0000000707a00000, 0x0000000707a00000|100%| E|CS|TAMS 0x0000000707800000, 0x0000000707800000| Complete 
|  61|0x0000000707a00000, 0x0000000707c00000, 0x0000000707c00000|100%| E|CS|TAMS 0x0000000707a00000, 0x0000000707a00000| Complete 
|  62|0x0000000707c00000, 0x0000000707e00000, 0x0000000707e00000|100%| E|CS|TAMS 0x0000000707c00000, 0x0000000707c00000| Complete 
|  63|0x0000000707e00000, 0x0000000708000000, 0x0000000708000000|100%| E|CS|TAMS 0x0000000707e00000, 0x0000000707e00000| Complete 
|  64|0x0000000708000000, 0x0000000708200000, 0x0000000708200000|100%| E|CS|TAMS 0x0000000708000000, 0x0000000708000000| Complete 
|  65|0x0000000708200000, 0x0000000708400000, 0x0000000708400000|100%| E|CS|TAMS 0x0000000708200000, 0x0000000708200000| Complete 
|  66|0x0000000708400000, 0x0000000708600000, 0x0000000708600000|100%| E|CS|TAMS 0x0000000708400000, 0x0000000708400000| Complete 
|  67|0x0000000708600000, 0x0000000708800000, 0x0000000708800000|100%| E|CS|TAMS 0x0000000708600000, 0x0000000708600000| Complete 
|  68|0x0000000708800000, 0x0000000708a00000, 0x0000000708a00000|100%| E|CS|TAMS 0x0000000708800000, 0x0000000708800000| Complete 
|  69|0x0000000708a00000, 0x0000000708c00000, 0x0000000708c00000|100%| E|CS|TAMS 0x0000000708a00000, 0x0000000708a00000| Complete 
|  70|0x0000000708c00000, 0x0000000708e00000, 0x0000000708e00000|100%| E|CS|TAMS 0x0000000708c00000, 0x0000000708c00000| Complete 
|  71|0x0000000708e00000, 0x0000000709000000, 0x0000000709000000|100%| E|CS|TAMS 0x0000000708e00000, 0x0000000708e00000| Complete 
|  72|0x0000000709000000, 0x0000000709200000, 0x0000000709200000|100%| E|CS|TAMS 0x0000000709000000, 0x0000000709000000| Complete 
|  84|0x000000070a800000, 0x000000070aa00000, 0x000000070aa00000|100%| E|CS|TAMS 0x000000070a800000, 0x000000070a800000| Complete 
|  85|0x000000070aa00000, 0x000000070ac00000, 0x000000070ac00000|100%| E|CS|TAMS 0x000000070aa00000, 0x000000070aa00000| Complete 
|  86|0x000000070ac00000, 0x000000070ad7d048, 0x000000070ae00000| 74%| S|CS|TAMS 0x000000070ac00000, 0x000000070ac00000| Complete 
| 127|0x000000070fe00000, 0x0000000710000000, 0x0000000710000000|100%| E|CS|TAMS 0x000000070fe00000, 0x000000070fe00000| Complete 
|2046|0x00000007ffc00000, 0x00000007ffd78000, 0x00000007ffe00000| 73%|OA|  |TAMS 0x00000007ffd78000, 0x00000007ffc00000| Untracked 
|2047|0x00000007ffe00000, 0x00000007ffe80000, 0x0000000800000000| 25%|CA|  |TAMS 0x00000007ffe80000, 0x00000007ffe00000| Untracked 

Card table byte_map: [0x000000010d73c000,0x000000010df3c000] _byte_map_base: 0x0000000109f3c000

Marking Bits (Prev, Next): (CMBitMap*) 0x000000013f03f450, (CMBitMap*) 0x000000013f03f410
 Prev Bits: [0x000000011273c000, 0x000000011673c000)
 Next Bits: [0x000000010e73c000, 0x000000011273c000)

Polling page: 0x0000000100ca8000

Metaspace:

Usage:
  Non-class:     27.42 MB used.
      Class:      4.47 MB used.
       Both:     31.89 MB used.

Virtual space:
  Non-class space:       32.00 MB reserved,      27.56 MB ( 86%) committed,  4 nodes.
      Class space:        1.00 GB reserved,       4.62 MB ( <1%) committed,  1 nodes.
             Both:        1.03 GB reserved,      32.19 MB (  3%) committed. 

Chunk freelists:
   Non-Class:  464.00 KB
       Class:  3.38 MB
        Both:  3.83 MB

MaxMetaspaceSize: unlimited
CompressedClassSpaceSize: 1.00 GB
Initial GC threshold: 21.00 MB
Current GC threshold: 35.31 MB
CDS: on
MetaspaceReclaimPolicy: balanced
 - commit_granule_bytes: 65536.
 - commit_granule_words: 8192.
 - virtual_space_node_default_size: 1048576.
 - enlarge_chunks_in_place: 1.
 - new_chunks_are_fully_committed: 0.
 - uncommit_free_chunks: 1.
 - use_allocation_guard: 0.
 - handle_deallocations: 1.


Internal statistics:

num_allocs_failed_limit: 3.
num_arena_births: 364.
num_arena_deaths: 0.
num_vsnodes_births: 5.
num_vsnodes_deaths: 0.
num_space_committed: 515.
num_space_uncommitted: 0.
num_chunks_returned_to_freelist: 3.
num_chunks_taken_from_freelist: 1558.
num_chunk_merges: 3.
num_chunk_splits: 1055.
num_chunks_enlarged: 796.
num_purges: 0.
num_inconsistent_stats: 0.

CodeCache: size=49152Kb used=7793Kb max_used=7793Kb free=41358Kb
 bounds [0x000000010a73c000, 0x000000010aedc000, 0x000000010d73c000]
 total_blobs=4651 nmethods=4129 adapters=453
 compilation: enabled
              stopped_count=0, restarted_count=0
 full_count=0

Compilation events (20 events):
Event: 251.139 Thread 0x0000000148809400 4265       1       org.apache.catalina.LifecycleEvent::<init> (16 bytes)
Event: 251.139 Thread 0x0000000148809400 nmethod 4265 0x000000010aed3590 code [0x000000010aed3740, 0x000000010aed3978]
Event: 252.078 Thread 0x0000000148809400 4268       1       sun.nio.ch.KQueueSelectorImpl::processEvents (201 bytes)
Event: 252.079 Thread 0x0000000148809400 nmethod 4268 0x000000010aed3a90 code [0x000000010aed3c40, 0x000000010aed4078]
Event: 252.079 Thread 0x0000000148809400 4269   !   1       org.apache.tomcat.util.net.NioEndpoint$Poller::timeout (557 bytes)
Event: 252.082 Thread 0x0000000148809400 nmethod 4269 0x000000010aed4390 code [0x000000010aed4780, 0x000000010aed5778]
Event: 252.082 Thread 0x0000000148809400 4266       1       sun.nio.ch.SelectorImpl::end (9 bytes)
Event: 252.083 Thread 0x0000000148809400 nmethod 4266 0x000000010aed6690 code [0x000000010aed6840, 0x000000010aed6978]
Event: 252.083 Thread 0x0000000148809400 4267       1       java.nio.channels.spi.AbstractSelector::end (5 bytes)
Event: 252.083 Thread 0x0000000148809400 nmethod 4267 0x000000010aed6a90 code [0x000000010aed6c40, 0x000000010aed6e98]
Event: 257.238 Thread 0x0000000148809400 4270       1       org.apache.coyote.AbstractProtocol$$Lambda$853/0x0000000801066800::run (8 bytes)
Event: 257.238 Thread 0x0000000148809400 nmethod 4270 0x000000010aed7010 code [0x000000010aed71c0, 0x000000010aed72b8]
Event: 257.238 Thread 0x0000000148809400 4271       1       org.apache.coyote.AbstractProtocol::lambda$startAsyncTimeout$1 (46 bytes)
Event: 257.239 Thread 0x0000000148809400 nmethod 4271 0x000000010aed7390 code [0x000000010aed7580, 0x000000010aed77d8]
Event: 261.142 Thread 0x0000000148809400 4272       1       java.util.Collections$ReverseComparator2::compare (12 bytes)
Event: 261.142 Thread 0x0000000148809400 nmethod 4272 0x000000010aed7990 code [0x000000010aed7b40, 0x000000010aed7c38]
Event: 271.145 Thread 0x0000000148809400 4273       1       java.util.Comparator$$Lambda$717/0x0000000800fcd790::compare (10 bytes)
Event: 271.147 Thread 0x0000000148809400 nmethod 4273 0x000000010aed7d10 code [0x000000010aed7ec0, 0x000000010aed8098]
Event: 271.147 Thread 0x0000000148809400 4274       1       java.util.Comparator::lambda$comparingLong$6043328a$1 (18 bytes)
Event: 271.147 Thread 0x0000000148809400 nmethod 4274 0x000000010aed8190 code [0x000000010aed8340, 0x000000010aed84d8]

GC Heap History (10 events):
Event: 0.178 GC heap before
{Heap before GC invocations=0 (full 0):
 garbage-first heap   total 266240K, used 24544K [0x0000000700000000, 0x0000000800000000)
  region size 2048K, 11 young (22528K), 0 survivors (0K)
 Metaspace       used 4818K, committed 4992K, reserved 1056768K
  class space    used 651K, committed 704K, reserved 1048576K
}
Event: 0.180 GC heap after
{Heap after GC invocations=1 (full 0):
 garbage-first heap   total 266240K, used 6685K [0x0000000700000000, 0x0000000800000000)
  region size 2048K, 2 young (4096K), 2 survivors (4096K)
 Metaspace       used 4818K, committed 4992K, reserved 1056768K
  class space    used 651K, committed 704K, reserved 1048576K
}
Event: 0.314 GC heap before
{Heap before GC invocations=1 (full 0):
 garbage-first heap   total 266240K, used 31261K [0x0000000700000000, 0x0000000800000000)
  region size 2048K, 14 young (28672K), 2 survivors (4096K)
 Metaspace       used 10150K, committed 10368K, reserved 1064960K
  class space    used 1330K, committed 1472K, reserved 1048576K
}
Event: 0.318 GC heap after
{Heap after GC invocations=2 (full 0):
 garbage-first heap   total 266240K, used 8123K [0x0000000700000000, 0x0000000800000000)
  region size 2048K, 1 young (2048K), 1 survivors (2048K)
 Metaspace       used 10150K, committed 10368K, reserved 1064960K
  class space    used 1330K, committed 1472K, reserved 1048576K
}
Event: 0.814 GC heap before
{Heap before GC invocations=2 (full 0):
 garbage-first heap   total 266240K, used 87995K [0x0000000700000000, 0x0000000800000000)
  region size 2048K, 41 young (83968K), 1 survivors (2048K)
 Metaspace       used 21301K, committed 21504K, reserved 1073152K
  class space    used 2987K, committed 3072K, reserved 1048576K
}
Event: 0.818 GC heap after
{Heap after GC invocations=3 (full 0):
 garbage-first heap   total 266240K, used 12790K [0x0000000700000000, 0x0000000800000000)
  region size 2048K, 3 young (6144K), 3 survivors (6144K)
 Metaspace       used 21301K, committed 21504K, reserved 1073152K
  class space    used 2987K, committed 3072K, reserved 1048576K
}
Event: 1.013 GC heap before
{Heap before GC invocations=4 (full 0):
 garbage-first heap   total 61440K, used 43510K [0x0000000700000000, 0x0000000800000000)
  region size 2048K, 19 young (38912K), 3 survivors (6144K)
 Metaspace       used 26262K, committed 26560K, reserved 1073152K
  class space    used 3682K, committed 3840K, reserved 1048576K
}
Event: 1.017 GC heap after
{Heap after GC invocations=5 (full 0):
 garbage-first heap   total 61440K, used 15646K [0x0000000700000000, 0x0000000800000000)
  region size 2048K, 5 young (10240K), 5 survivors (10240K)
 Metaspace       used 26262K, committed 26560K, reserved 1073152K
  class space    used 3682K, committed 3840K, reserved 1048576K
}
Event: 1.027 GC heap before
{Heap before GC invocations=5 (full 0):
 garbage-first heap   total 61440K, used 17694K [0x0000000700000000, 0x0000000800000000)
  region size 2048K, 6 young (12288K), 5 survivors (10240K)
 Metaspace       used 26738K, committed 27008K, reserved 1073152K
  class space    used 3756K, committed 3904K, reserved 1048576K
}
Event: 1.032 GC heap after
{Heap after GC invocations=6 (full 0):
 garbage-first heap   total 161792K, used 16884K [0x0000000700000000, 0x0000000800000000)
  region size 2048K, 1 young (2048K), 1 survivors (2048K)
 Metaspace       used 26738K, committed 27008K, reserved 1073152K
  class space    used 3756K, committed 3904K, reserved 1048576K
}

Deoptimization events (20 events):
Event: 0.474 Thread 0x000000013f008600 DEOPT PACKING pc=0x000000010aaf9b94 sp=0x000000016f6247b0
Event: 0.474 Thread 0x000000013f008600 DEOPT UNPACKING pc=0x000000010a77ab7c sp=0x000000016f624480 mode 3
Event: 0.787 Thread 0x000000013f008600 DEOPT PACKING pc=0x000000010a975008 sp=0x000000016f625e00
Event: 0.787 Thread 0x000000013f008600 DEOPT UNPACKING pc=0x000000010a77ab7c sp=0x000000016f625a40 mode 3
Event: 0.837 Thread 0x000000013f008600 DEOPT PACKING pc=0x000000010ad093bc sp=0x000000016f624fa0
Event: 0.837 Thread 0x000000013f008600 DEOPT UNPACKING pc=0x000000010a77ab7c sp=0x000000016f624cc0 mode 3
Event: 1.041 Thread 0x000000013f008600 DEOPT PACKING pc=0x000000010ad5fee8 sp=0x000000016f623c60
Event: 1.041 Thread 0x000000013f008600 DEOPT UNPACKING pc=0x000000010a77ab7c sp=0x000000016f6239b0 mode 3
Event: 1.058 Thread 0x000000013f008600 DEOPT PACKING pc=0x000000010ad2bd14 sp=0x000000016f625a70
Event: 1.058 Thread 0x000000013f008600 DEOPT UNPACKING pc=0x000000010a77ab7c sp=0x000000016f625770 mode 3
Event: 1.072 Thread 0x000000013f008600 DEOPT PACKING pc=0x000000010ac70a74 sp=0x000000016f623410
Event: 1.072 Thread 0x000000013f008600 DEOPT UNPACKING pc=0x000000010a77ab7c sp=0x000000016f6230e0 mode 3
Event: 1.072 Thread 0x000000013f008600 DEOPT PACKING pc=0x000000010ad42308 sp=0x000000016f6222e0
Event: 1.072 Thread 0x000000013f008600 DEOPT UNPACKING pc=0x000000010a77ab7c sp=0x000000016f6220c0 mode 3
Event: 1.177 Thread 0x000000013f008600 DEOPT PACKING pc=0x000000010ad8097c sp=0x000000016f6239c0
Event: 1.177 Thread 0x000000013f008600 DEOPT UNPACKING pc=0x000000010a77ab7c sp=0x000000016f6236a0 mode 3
Event: 1.201 Thread 0x000000013f008600 DEOPT PACKING pc=0x000000010ad24ce0 sp=0x000000016f623eb0
Event: 1.201 Thread 0x000000013f008600 DEOPT UNPACKING pc=0x000000010a77ab7c sp=0x000000016f623c70 mode 3
Event: 1.257 Thread 0x000000013f008600 DEOPT PACKING pc=0x000000010ae682a8 sp=0x000000016f625e00
Event: 1.257 Thread 0x000000013f008600 DEOPT UNPACKING pc=0x000000010a77ab7c sp=0x000000016f625b60 mode 3

Classes unloaded (0 events):
No events

Classes redefined (0 events):
No events

Internal exceptions (20 events):
Event: 1.142 Thread 0x000000013f008600 Exception <a 'java/lang/NoSuchMethodError'{0x00000007087a7840}: 'java.lang.Object java.lang.invoke.DirectMethodHandle$Holder.newInvokeSpecial(java.lang.Object, java.lang.Object, java.lang.Object, java.lang.Object, java.lang.Object, java.lang.Object, java.lang.Object, java.lang.Object, java.lang.Object)'> (0x00000007087a7840) 
thrown [src/hotspot/share/interpreter/linkResolver.cpp, line 759]
Event: 1.142 Thread 0x000000013f008600 Exception <a 'java/lang/NoSuchMethodError'{0x00000007087ace58}: 'java.lang.Object java.lang.invoke.DirectMethodHandle$Holder.invokeSpecial(java.lang.Object, java.lang.Object, java.lang.Object, java.lang.Object, java.lang.Object, java.lang.Object, java.lang.Object, java.lang.Object, java.lang.Object, java.lang.Object)'> (0x00000007087ace58) 
thrown [src/hotspot/share/interpreter/linkResolver.cpp, line 759]
Event: 1.142 Thread 0x000000013f008600 Exception <a 'java/lang/NoSuchMethodError'{0x00000007087b1420}: 'java.lang.Object java.lang.invoke.Invokers$Holder.linkToTargetMethod(java.lang.Object, java.lang.Object, java.lang.Object, java.lang.Object, java.lang.Object, java.lang.Object, java.lang.Object, java.lang.Object, java.lang.Object)'> (0x00000007087b1420) 
thrown [src/hotspot/share/interpreter/linkResolver.cpp, line 759]
Event: 1.189 Thread 0x000000013f008600 Exception <a 'java/lang/ClassNotFoundException'{0x0000000707ed3c00}: java/lang/ObjectCustomizer> (0x0000000707ed3c00) 
thrown [src/hotspot/share/classfile/systemDictionary.cpp, line 256]
Event: 1.189 Thread 0x000000013f008600 Exception <a 'java/lang/ClassNotFoundException'{0x0000000707edd350}: org/springframework/boot/actuate/autoconfigure/metrics/task/TaskExecutorMetricsAutoConfigurationCustomizer> (0x0000000707edd350) 
thrown [src/hotspot/share/classfile/systemDictionary.cpp, line 256]
Event: 1.195 Thread 0x000000013f008600 Exception <a 'java/lang/ClassNotFoundException'{0x0000000707fa4558}: java/lang/ObjectCustomizer> (0x0000000707fa4558) 
thrown [src/hotspot/share/classfile/systemDictionary.cpp, line 256]
Event: 1.195 Thread 0x000000013f008600 Exception <a 'java/lang/ClassNotFoundException'{0x0000000707fadd20}: org/springframework/cloud/client/discovery/simple/SimpleDiscoveryClientAutoConfigurationCustomizer> (0x0000000707fadd20) 
thrown [src/hotspot/share/classfile/systemDictionary.cpp, line 256]
Event: 1.195 Thread 0x000000013f008600 Exception <a 'java/lang/ClassNotFoundException'{0x0000000707fbb508}: org/springframework/context/ApplicationListenerCustomizer> (0x0000000707fbb508) 
thrown [src/hotspot/share/classfile/systemDictionary.cpp, line 256]
Event: 1.196 Thread 0x000000013f008600 Exception <a 'java/lang/ClassNotFoundException'{0x0000000707fc2480}: java/util/EventListenerCustomizer> (0x0000000707fc2480) 
thrown [src/hotspot/share/classfile/systemDictionary.cpp, line 256]
Event: 1.201 Thread 0x000000013ea42800 Exception <a 'java/net/UnknownHostException'{0x0000000707d00818}> (0x0000000707d00818) 
thrown [src/hotspot/share/prims/jni.cpp, line 535]
Event: 1.223 Thread 0x000000013f008600 Exception <a 'java/lang/NoSuchMethodError'{0x0000000707be1d40}: 'java.lang.Object java.lang.invoke.DirectMethodHandle$Holder.newInvokeSpecial(java.lang.Object, java.lang.Object, int, java.lang.Object, java.lang.Object)'> (0x0000000707be1d40) 
thrown [src/hotspot/share/interpreter/linkResolver.cpp, line 759]
Event: 1.224 Thread 0x000000013f008600 Exception <a 'java/lang/NoSuchMethodError'{0x0000000707bed590}: 'java.lang.Object java.lang.invoke.DirectMethodHandle$Holder.invokeSpecial(java.lang.Object, java.lang.Object, int, java.lang.Object, int, java.lang.Object)'> (0x0000000707bed590) 
thrown [src/hotspot/share/interpreter/linkResolver.cpp, line 759]
Event: 1.224 Thread 0x000000013f008600 Exception <a 'java/lang/NoSuchMethodError'{0x0000000707bf5390}: 'java.lang.Object java.lang.invoke.DirectMethodHandle$Holder.newInvokeSpecial(java.lang.Object, java.lang.Object, int, java.lang.Object, int)'> (0x0000000707bf5390) 
thrown [src/hotspot/share/interpreter/linkResolver.cpp, line 759]
Event: 1.224 Thread 0x000000013f008600 Exception <a 'java/lang/NoSuchMethodError'{0x0000000707bf9490}: 'java.lang.Object java.lang.invoke.DirectMethodHandle$Holder.invokeSpecial(java.lang.Object, java.lang.Object, java.lang.Object, int, java.lang.Object, int)'> (0x0000000707bf9490) 
thrown [src/hotspot/share/interpreter/linkResolver.cpp, line 759]
Event: 1.224 Thread 0x000000013f008600 Exception <a 'java/lang/NoSuchMethodError'{0x0000000707804540}: 'void java.lang.invoke.DirectMethodHandle$Holder.invokeVirtual(java.lang.Object, java.lang.Object)'> (0x0000000707804540) 
thrown [src/hotspot/share/interpreter/linkResolver.cpp, line 759]
Event: 1.234 Thread 0x000000013ea42800 Exception <a 'java/net/UnknownHostException'{0x0000000707d00ba8}> (0x0000000707d00ba8) 
thrown [src/hotspot/share/prims/jni.cpp, line 535]
Event: 1.245 Thread 0x000000013f008600 Exception <a 'java/lang/IncompatibleClassChangeError'{0x000000070730d688}: Found class java.lang.Object, but interface was expected> (0x000000070730d688) 
thrown [src/hotspot/share/interpreter/linkResolver.cpp, line 826]
Event: 12.911 Thread 0x0000000148016400 Exception <a 'java/lang/NoSuchMethodError'{0x0000000706d7d5d0}: 'java.lang.Object java.lang.invoke.DirectMethodHandle$Holder.invokeStatic(java.lang.Object, int, int)'> (0x0000000706d7d5d0) 
thrown [src/hotspot/share/interpreter/linkResolver.cpp, line 759]
Event: 12.914 Thread 0x0000000148016400 Exception <a 'java/lang/NoSuchMethodError'{0x0000000706dadae0}: 'java.lang.Object java.lang.invoke.DirectMethodHandle$Holder.newInvokeSpecial(java.lang.Object, java.lang.Object, java.lang.Object, java.lang.Object, java.lang.Object, java.lang.Object, java.lang.Object)'> (0x0000000706dadae0) 
thrown [src/hotspot/share/interpreter/linkResolver.cpp, line 759]
Event: 12.914 Thread 0x0000000148016400 Exception <a 'java/lang/NoSuchMethodError'{0x0000000706db1fb8}: 'java.lang.Object java.lang.invoke.Invokers$Holder.linkToTargetMethod(java.lang.Object, java.lang.Object, java.lang.Object, java.lang.Object, java.lang.Object, java.lang.Object, java.lang.Object)'> (0x0000000706db1fb8) 
thrown [src/hotspot/share/interpreter/linkResolver.cpp, line 759]

VM Operations (20 events):
Event: 92.228 Executing VM operation: Cleanup
Event: 92.228 Executing VM operation: Cleanup done
Event: 131.365 Executing VM operation: Cleanup
Event: 131.365 Executing VM operation: Cleanup done
Event: 141.399 Executing VM operation: Cleanup
Event: 141.399 Executing VM operation: Cleanup done
Event: 201.613 Executing VM operation: Cleanup
Event: 201.614 Executing VM operation: Cleanup done
Event: 204.623 Executing VM operation: Cleanup
Event: 204.624 Executing VM operation: Cleanup done
Event: 206.626 Executing VM operation: Cleanup
Event: 206.626 Executing VM operation: Cleanup done
Event: 211.637 Executing VM operation: Cleanup
Event: 211.637 Executing VM operation: Cleanup done
Event: 261.835 Executing VM operation: Cleanup
Event: 261.835 Executing VM operation: Cleanup done
Event: 271.863 Executing VM operation: Cleanup
Event: 271.864 Executing VM operation: Cleanup done
Event: 281.911 Executing VM operation: Cleanup
Event: 281.911 Executing VM operation: Cleanup done

Events (20 events):
Event: 12.882 loading class sun/nio/cs/ISO_8859_1$Decoder
Event: 12.882 loading class sun/nio/cs/ISO_8859_1$Decoder done
Event: 12.905 loading class java/lang/InheritableThreadLocal
Event: 12.905 loading class java/lang/InheritableThreadLocal done
Event: 12.911 loading class java/util/ArrayList$SubList$2
Event: 12.911 loading class java/util/ArrayList$SubList$2 done
Event: 12.929 loading class java/nio/StringCharBuffer
Event: 12.929 loading class java/nio/StringCharBuffer done
Event: 12.930 loading class sun/nio/cs/ISO_8859_1$Encoder
Event: 12.930 loading class sun/nio/cs/ISO_8859_1$Encoder done
Event: 12.967 loading class sun/nio/cs/US_ASCII$Decoder
Event: 12.967 loading class sun/nio/cs/US_ASCII$Decoder done
Event: 12.975 loading class java/io/ObjectOutputStream
Event: 12.975 loading class java/io/ObjectOutput
Event: 12.975 loading class java/io/ObjectOutput done
Event: 12.975 loading class java/io/ObjectOutputStream done
Event: 31.818 loading class java/util/concurrent/CompletionStage
Event: 31.818 loading class java/util/concurrent/CompletionStage done
Event: 60.451 Protecting memory [0x0000000172244000,0x0000000172250000] with protection modes 3
Event: 60.451 Thread 0x000000014800b000 Thread exited: 0x000000014800b000


Dynamic libraries:
0x0000000100c68000 	/Users/yhnoh/Library/Java/JavaVirtualMachines/corretto-17.0.4.1/Contents/Home/lib/libjli.dylib
0x00000001a3c40000 	/System/Library/Frameworks/Cocoa.framework/Versions/A/Cocoa
0x000000018fe49000 	/System/Library/Frameworks/AppKit.framework/Versions/C/AppKit
0x0000000193360000 	/System/Library/Frameworks/CoreData.framework/Versions/A/CoreData
0x000000018e1a4000 	/System/Library/Frameworks/Foundation.framework/Versions/C/Foundation
0x0000000197dbd000 	/usr/lib/libSystem.B.dylib
0x0000000190d02000 	/System/Library/PrivateFrameworks/UIFoundation.framework/Versions/A/UIFoundation
0x000000019de0b000 	/System/Library/PrivateFrameworks/RemoteViewServices.framework/Versions/A/RemoteViewServices
0x000000019627c000 	/System/Library/PrivateFrameworks/XCTTargetBootstrap.framework/Versions/A/XCTTargetBootstrap
0x0000000199aff000 	/System/Library/PrivateFrameworks/InternationalSupport.framework/Versions/A/InternationalSupport
0x0000000199b88000 	/System/Library/PrivateFrameworks/UserActivity.framework/Versions/A/UserActivity
0x0000000198ff4000 	/usr/lib/libspindump.dylib
0x0000000190f73000 	/System/Library/Frameworks/UniformTypeIdentifiers.framework/Versions/A/UniformTypeIdentifiers
0x00000001947c4000 	/usr/lib/libapp_launch_measurement.dylib
0x0000000193cec000 	/System/Library/PrivateFrameworks/CoreAnalytics.framework/Versions/A/CoreAnalytics
0x00000001947c7000 	/System/Library/PrivateFrameworks/CoreAutoLayout.framework/Versions/A/CoreAutoLayout
0x0000000195b6b000 	/System/Library/Frameworks/Metal.framework/Versions/A/Metal
0x00000001968e5000 	/usr/lib/liblangid.dylib
0x0000000196281000 	/System/Library/PrivateFrameworks/CoreSVG.framework/Versions/A/CoreSVG
0x000000019240a000 	/System/Library/PrivateFrameworks/SkyLight.framework/Versions/A/SkyLight
0x00000001927e6000 	/System/Library/Frameworks/CoreGraphics.framework/Versions/A/CoreGraphics
0x000000019e4d7000 	/System/Library/Frameworks/Accelerate.framework/Versions/A/Accelerate
0x0000000198a6b000 	/System/Library/PrivateFrameworks/IconServices.framework/Versions/A/IconServices
0x0000000195b4d000 	/System/Library/Frameworks/IOSurface.framework/Versions/A/IOSurface
0x0000000193d1d000 	/usr/lib/libDiagnosticMessagesClient.dylib
0x0000000197d06000 	/usr/lib/libz.1.dylib
0x00000001a19dd000 	/System/Library/Frameworks/ApplicationServices.framework/Versions/A/ApplicationServices
0x0000000196264000 	/System/Library/PrivateFrameworks/DFRFoundation.framework/Versions/A/DFRFoundation
0x000000018f6d9000 	/usr/lib/libicucore.A.dylib
0x000000019a9ad000 	/System/Library/Frameworks/AudioToolbox.framework/Versions/A/AudioToolbox
0x0000000199b0b000 	/System/Library/PrivateFrameworks/DataDetectorsCore.framework/Versions/A/DataDetectorsCore
0x00000001b0529000 	/System/Library/PrivateFrameworks/TextInput.framework/Versions/A/TextInput
0x000000019237f000 	/usr/lib/libMobileGestalt.dylib
0x0000000195f30000 	/System/Library/Frameworks/Carbon.framework/Versions/A/Frameworks/HIToolbox.framework/Versions/A/HIToolbox
0x000000019419d000 	/System/Library/Frameworks/QuartzCore.framework/Versions/A/QuartzCore
0x000000018f35a000 	/System/Library/Frameworks/Security.framework/Versions/A/Security
0x000000019de4b000 	/System/Library/Frameworks/Carbon.framework/Versions/A/Frameworks/SpeechRecognition.framework/Versions/A/SpeechRecognition
0x0000000194519000 	/System/Library/PrivateFrameworks/CoreUI.framework/Versions/A/CoreUI
0x000000018ec36000 	/System/Library/Frameworks/CoreAudio.framework/Versions/A/CoreAudio
0x0000000193e11000 	/System/Library/Frameworks/DiskArbitration.framework/Versions/A/DiskArbitration
0x00000001993fe000 	/System/Library/PrivateFrameworks/MultitouchSupport.framework/Versions/A/MultitouchSupport
0x000000019237d000 	/usr/lib/libenergytrace.dylib
0x000000018fd11000 	/System/Library/Frameworks/IOKit.framework/Versions/A/IOKit
0x000000019e23a000 	/System/Library/Frameworks/CoreServices.framework/Versions/A/CoreServices
0x0000000194754000 	/System/Library/PrivateFrameworks/PerformanceAnalysis.framework/Versions/A/PerformanceAnalysis
0x00000001ee9d3000 	/System/Library/Frameworks/OpenGL.framework/Versions/A/OpenGL
0x0000000197358000 	/System/Library/PrivateFrameworks/MobileKeyBag.framework/Versions/A/MobileKeyBag
0x000000018d0d7000 	/usr/lib/libobjc.A.dylib
0x0000000192df4000 	/System/Library/Frameworks/ColorSync.framework/Versions/A/ColorSync
0x000000018d2a0000 	/System/Library/Frameworks/CoreFoundation.framework/Versions/A/CoreFoundation
0x0000000196501000 	/System/Library/Frameworks/CoreImage.framework/Versions/A/CoreImage
0x000000018ea5a000 	/System/Library/Frameworks/CoreText.framework/Versions/A/CoreText
0x00000001962b1000 	/System/Library/Frameworks/ImageIO.framework/Versions/A/ImageIO
0x0000000197dc3000 	/System/Library/PrivateFrameworks/SoftLinking.framework/Versions/A/SoftLinking
0x0000000194812000 	/usr/lib/libxml2.2.dylib
0x000000018d19a000 	/usr/lib/libc++.1.dylib
0x000000019805c000 	/usr/lib/libcompression.dylib
0x0000000199a5b000 	/System/Library/PrivateFrameworks/TextureIO.framework/Versions/A/TextureIO
0x0000000198784000 	/usr/lib/libate.dylib
0x0000000197db7000 	/usr/lib/system/libcache.dylib
0x0000000197d75000 	/usr/lib/system/libcommonCrypto.dylib
0x0000000197d9e000 	/usr/lib/system/libcompiler_rt.dylib
0x0000000197d95000 	/usr/lib/system/libcopyfile.dylib
0x000000018cfdb000 	/usr/lib/system/libcorecrypto.dylib
0x000000018d090000 	/usr/lib/system/libdispatch.dylib
0x000000018d25e000 	/usr/lib/system/libdyld.dylib
0x0000000197dad000 	/usr/lib/system/libkeymgr.dylib
0x0000000197d50000 	/usr/lib/system/libmacho.dylib
0x0000000197440000 	/usr/lib/system/libquarantine.dylib
0x0000000197daa000 	/usr/lib/system/libremovefile.dylib
0x00000001923d6000 	/usr/lib/system/libsystem_asl.dylib
0x000000018cf7d000 	/usr/lib/system/libsystem_blocks.dylib
0x000000018d118000 	/usr/lib/system/libsystem_c.dylib
0x0000000197da2000 	/usr/lib/system/libsystem_collections.dylib
0x00000001968d5000 	/usr/lib/system/libsystem_configuration.dylib
0x0000000195b2e000 	/usr/lib/system/libsystem_containermanager.dylib
0x0000000197aad000 	/usr/lib/system/libsystem_coreservices.dylib
0x000000018f98f000 	/usr/lib/system/libsystem_darwin.dylib
0x0000000197dae000 	/usr/lib/system/libsystem_dnssd.dylib
0x000000018d115000 	/usr/lib/system/libsystem_featureflags.dylib
0x000000018d273000 	/usr/lib/system/libsystem_info.dylib
0x0000000197d18000 	/usr/lib/system/libsystem_m.dylib
0x000000018d065000 	/usr/lib/system/libsystem_malloc.dylib
0x0000000192364000 	/usr/lib/system/libsystem_networkextension.dylib
0x000000018fde8000 	/usr/lib/system/libsystem_notify.dylib
0x000000019e111000 	/usr/lib/system/libsystem_product_info_filter.dylib
0x00000001968da000 	/usr/lib/system/libsystem_sandbox.dylib
0x0000000197da7000 	/usr/lib/system/libsystem_secinit.dylib
0x000000018d219000 	/usr/lib/system/libsystem_kernel.dylib
0x000000018d26b000 	/usr/lib/system/libsystem_platform.dylib
0x000000018d251000 	/usr/lib/system/libsystem_pthread.dylib
0x0000000193b3a000 	/usr/lib/system/libsystem_symptoms.dylib
0x000000018cfc1000 	/usr/lib/system/libsystem_trace.dylib
0x0000000197d82000 	/usr/lib/system/libunwind.dylib
0x000000018cf7f000 	/usr/lib/system/libxpc.dylib
0x000000018d201000 	/usr/lib/libc++abi.dylib
0x0000000197d8d000 	/usr/lib/liboah.dylib
0x0000000198649000 	/usr/lib/liblzma.5.dylib
0x000000018de97000 	/System/Library/Frameworks/SystemConfiguration.framework/Versions/A/SystemConfiguration
0x0000000197dbf000 	/usr/lib/libfakelink.dylib
0x0000000191eaf000 	/System/Library/Frameworks/CFNetwork.framework/Versions/A/CFNetwork
0x0000000197f05000 	/usr/lib/libarchive.2.dylib
0x00000001968e1000 	/System/Library/PrivateFrameworks/AppleSystemInfo.framework/Versions/A/AppleSystemInfo
0x000000019746b000 	/usr/lib/libbsm.0.dylib
0x000000019141c000 	/usr/lib/libnetwork.dylib
0x0000000197d59000 	/usr/lib/system/libkxld.dylib
0x0000000197085000 	/System/Library/PrivateFrameworks/IOMobileFramebuffer.framework/Versions/A/IOMobileFramebuffer
0x000000020cdc2000 	/usr/lib/libCoreEntitlements.dylib
0x0000000197a8f000 	/System/Library/PrivateFrameworks/AppleFSCompression.framework/Versions/A/AppleFSCompression
0x0000000197453000 	/usr/lib/libcoretls.dylib
0x0000000198662000 	/usr/lib/libcoretls_cfhelpers.dylib
0x0000000198057000 	/usr/lib/libpam.2.dylib
0x0000000193750000 	/usr/lib/libsqlite3.dylib
0x00000001986cb000 	/usr/lib/libxar.1.dylib
0x0000000197aa0000 	/usr/lib/libbz2.1.0.dylib
0x0000000197dc4000 	/usr/lib/libpcap.A.dylib
0x0000000193b31000 	/usr/lib/libdns_services.dylib
0x000000019802a000 	/usr/lib/libapple_nghttp2.dylib
0x0000000197e01000 	/usr/lib/libiconv.2.dylib
0x0000000197d4f000 	/usr/lib/libcharset.1.dylib
0x0000000194790000 	/System/Library/Frameworks/CoreServices.framework/Versions/A/Frameworks/FSEvents.framework/Versions/A/FSEvents
0x000000018f99a000 	/System/Library/Frameworks/CoreServices.framework/Versions/A/Frameworks/CarbonCore.framework/Versions/A/CarbonCore
0x0000000193d71000 	/System/Library/Frameworks/CoreServices.framework/Versions/A/Frameworks/Metadata.framework/Versions/A/Metadata
0x0000000197ab3000 	/System/Library/Frameworks/CoreServices.framework/Versions/A/Frameworks/OSServices.framework/Versions/A/OSServices
0x0000000197f8b000 	/System/Library/Frameworks/CoreServices.framework/Versions/A/Frameworks/SearchKit.framework/Versions/A/SearchKit
0x0000000193abf000 	/System/Library/Frameworks/CoreServices.framework/Versions/A/Frameworks/AE.framework/Versions/A/AE
0x000000018d7e7000 	/System/Library/Frameworks/CoreServices.framework/Versions/A/Frameworks/LaunchServices.framework/Versions/A/LaunchServices
0x00000001985f2000 	/System/Library/Frameworks/CoreServices.framework/Versions/A/Frameworks/DictionaryServices.framework/Versions/A/DictionaryServices
0x000000019479d000 	/System/Library/Frameworks/CoreServices.framework/Versions/A/Frameworks/SharedFileList.framework/Versions/A/SharedFileList
0x0000000197443000 	/usr/lib/libCheckFix.dylib
0x00000001923ee000 	/System/Library/PrivateFrameworks/TCC.framework/Versions/A/TCC
0x00000001968e7000 	/System/Library/PrivateFrameworks/CoreNLP.framework/Versions/A/CoreNLP
0x0000000193d20000 	/System/Library/PrivateFrameworks/MetadataUtilities.framework/Versions/A/MetadataUtilities
0x000000018df51000 	/usr/lib/libmecabra.dylib
0x000000019747c000 	/usr/lib/libmecab.dylib
0x000000018df1d000 	/usr/lib/libCRFSuite.dylib
0x00000001974d9000 	/usr/lib/libgermantok.dylib
0x0000000198003000 	/usr/lib/libThaiTokenizer.dylib
0x0000000193e19000 	/System/Library/Frameworks/Accelerate.framework/Versions/A/Frameworks/vImage.framework/Versions/A/vImage
0x000000019e211000 	/System/Library/Frameworks/Accelerate.framework/Versions/A/Frameworks/vecLib.framework/Versions/A/vecLib
0x0000000198710000 	/System/Library/Frameworks/Accelerate.framework/Versions/A/Frameworks/vecLib.framework/Versions/A/libvMisc.dylib
0x0000000196f8c000 	/System/Library/Frameworks/Accelerate.framework/Versions/A/Frameworks/vecLib.framework/Versions/A/libvDSP.dylib
0x000000018db72000 	/System/Library/Frameworks/Accelerate.framework/Versions/A/Frameworks/vecLib.framework/Versions/A/libBLAS.dylib
0x000000019812d000 	/System/Library/Frameworks/Accelerate.framework/Versions/A/Frameworks/vecLib.framework/Versions/A/libLAPACK.dylib
0x00000001974dc000 	/System/Library/Frameworks/Accelerate.framework/Versions/A/Frameworks/vecLib.framework/Versions/A/libLinearAlgebra.dylib
0x0000000198042000 	/System/Library/Frameworks/Accelerate.framework/Versions/A/Frameworks/vecLib.framework/Versions/A/libSparseBLAS.dylib
0x0000000198128000 	/System/Library/Frameworks/Accelerate.framework/Versions/A/Frameworks/vecLib.framework/Versions/A/libQuadrature.dylib
0x00000001969e0000 	/System/Library/Frameworks/Accelerate.framework/Versions/A/Frameworks/vecLib.framework/Versions/A/libBNNS.dylib
0x000000018de30000 	/System/Library/Frameworks/Accelerate.framework/Versions/A/Frameworks/vecLib.framework/Versions/A/libSparse.dylib
0x00000001969d8000 	/System/Library/PrivateFrameworks/LinguisticData.framework/Versions/A/LinguisticData
0x000000018dde8000 	/System/Library/PrivateFrameworks/Lexicon.framework/Versions/A/Lexicon
0x0000000198708000 	/usr/lib/libChineseTokenizer.dylib
0x000000018e596000 	/System/Library/PrivateFrameworks/LanguageModeling.framework/Versions/A/LanguageModeling
0x0000000198005000 	/System/Library/PrivateFrameworks/AppleSauce.framework/Versions/A/AppleSauce
0x0000000197072000 	/System/Library/PrivateFrameworks/CoreEmoji.framework/Versions/A/CoreEmoji
0x0000000197ef3000 	/usr/lib/libcmph.dylib
0x0000000194770000 	/System/Library/Frameworks/OpenDirectory.framework/Versions/A/Frameworks/CFOpenDirectory.framework/Versions/A/CFOpenDirectory
0x0000000194760000 	/System/Library/Frameworks/OpenDirectory.framework/Versions/A/OpenDirectory
0x0000000198664000 	/System/Library/PrivateFrameworks/APFS.framework/Versions/A/APFS
0x0000000197393000 	/System/Library/Frameworks/SecurityFoundation.framework/Versions/A/SecurityFoundation
0x00000001986da000 	/usr/lib/libutil.dylib
0x000000018fcd3000 	/System/Library/PrivateFrameworks/CoreServicesStore.framework/Versions/A/CoreServicesStore
0x00000001986de000 	/usr/lib/libxslt.1.dylib
0x0000000197427000 	/System/Library/PrivateFrameworks/BackgroundTaskManagement.framework/Versions/A/BackgroundTaskManagement
0x000000019997c000 	/System/Library/Frameworks/ImageIO.framework/Versions/A/Resources/libRadiance.dylib
0x0000000199985000 	/System/Library/Frameworks/ImageIO.framework/Versions/A/Resources/libJPEG.dylib
0x00000001998d6000 	/System/Library/Frameworks/ImageIO.framework/Versions/A/Resources/libPng.dylib
0x00000001998f8000 	/System/Library/Frameworks/ImageIO.framework/Versions/A/Resources/libTIFF.dylib
0x00000001999e0000 	/System/Library/Frameworks/ImageIO.framework/Versions/A/Resources/libGIF.dylib
0x000000019930e000 	/System/Library/Frameworks/ImageIO.framework/Versions/A/Resources/libJP2.dylib
0x0000000198a30000 	/usr/lib/libexpat.1.dylib
0x00000001992c9000 	/System/Library/PrivateFrameworks/AppleJPEG.framework/Versions/A/AppleJPEG
0x0000000195dec000 	/System/Library/PrivateFrameworks/FontServices.framework/libFontParser.dylib
0x0000000193a64000 	/System/Library/PrivateFrameworks/RunningBoardServices.framework/Versions/A/RunningBoardServices
0x00000001a4317000 	/System/Library/PrivateFrameworks/IOSurfaceAccelerator.framework/Versions/A/IOSurfaceAccelerator
0x00000001993fa000 	/System/Library/PrivateFrameworks/WatchdogClient.framework/Versions/A/WatchdogClient
0x000000018e696000 	/System/Library/Frameworks/CoreDisplay.framework/Versions/A/CoreDisplay
0x0000000195cd6000 	/System/Library/Frameworks/CoreMedia.framework/Versions/A/CoreMedia
0x0000000195b61000 	/System/Library/PrivateFrameworks/IOAccelerator.framework/Versions/A/IOAccelerator
0x0000000194900000 	/System/Library/Frameworks/CoreVideo.framework/Versions/A/CoreVideo
0x0000000198055000 	/System/Library/Frameworks/MetalPerformanceShaders.framework/Versions/A/MetalPerformanceShaders
0x0000000199439000 	/System/Library/Frameworks/VideoToolbox.framework/Versions/A/VideoToolbox
0x00000001939a8000 	/System/Library/PrivateFrameworks/BaseBoard.framework/Versions/A/BaseBoard
0x0000000193736000 	/System/Library/PrivateFrameworks/ProtocolBuffer.framework/Versions/A/ProtocolBuffer
0x0000000199977000 	/System/Library/PrivateFrameworks/GPUWrangler.framework/Versions/A/GPUWrangler
0x0000000199957000 	/System/Library/PrivateFrameworks/IOPresentment.framework/Versions/A/IOPresentment
0x000000019997f000 	/System/Library/PrivateFrameworks/DSExternalDisplay.framework/Versions/A/DSExternalDisplay
0x00000001ee9c6000 	/System/Library/Frameworks/OpenGL.framework/Versions/A/Libraries/libCoreFSCache.dylib
0x00000001f9890000 	/System/Library/PrivateFrameworks/GPUCompiler.framework/Versions/31001/Libraries/libGPUCompilerUtils.dylib
0x00000001999e5000 	/System/Library/PrivateFrameworks/CMCaptureCore.framework/Versions/A/CMCaptureCore
0x0000000198fe1000 	/System/Library/PrivateFrameworks/AppServerSupport.framework/Versions/A/AppServerSupport
0x000000019b26b000 	/System/Library/PrivateFrameworks/perfdata.framework/Versions/A/perfdata
0x000000018e7b6000 	/System/Library/PrivateFrameworks/AudioToolboxCore.framework/Versions/A/AudioToolboxCore
0x0000000195caf000 	/System/Library/PrivateFrameworks/caulk.framework/Versions/A/caulk
0x000000019ab60000 	/usr/lib/libAudioStatistics.dylib
0x00000001acb7c000 	/System/Library/PrivateFrameworks/SystemPolicy.framework/Versions/A/SystemPolicy
0x000000019adcc000 	/usr/lib/libSMC.dylib
0x00000001a3b1e000 	/System/Library/Frameworks/CoreMIDI.framework/Versions/A/CoreMIDI
0x00000001998a4000 	/usr/lib/libAudioToolboxUtility.dylib
0x00000001a8cdf000 	/System/Library/PrivateFrameworks/OSAServicesClient.framework/Versions/A/OSAServicesClient
0x000000019b278000 	/usr/lib/libperfcheck.dylib
0x00000001ad69b000 	/usr/lib/libmis.dylib
0x00000001eea28000 	/System/Library/Frameworks/OpenGL.framework/Versions/A/Libraries/libGLU.dylib
0x00000001ee9e7000 	/System/Library/Frameworks/OpenGL.framework/Versions/A/Libraries/libGFXShared.dylib
0x00000001eebd4000 	/System/Library/Frameworks/OpenGL.framework/Versions/A/Libraries/libGL.dylib
0x00000001ee9f0000 	/System/Library/Frameworks/OpenGL.framework/Versions/A/Libraries/libGLImage.dylib
0x00000001ee9e4000 	/System/Library/Frameworks/OpenGL.framework/Versions/A/Libraries/libCVMSPluginSupport.dylib
0x00000001ee9cd000 	/System/Library/Frameworks/OpenGL.framework/Versions/A/Libraries/libCoreVMClient.dylib
0x0000000196861000 	/System/Library/Frameworks/MetalPerformanceShaders.framework/Versions/A/Frameworks/MPSCore.framework/Versions/A/MPSCore
0x0000000197a02000 	/System/Library/Frameworks/MetalPerformanceShaders.framework/Versions/A/Frameworks/MPSImage.framework/Versions/A/MPSImage
0x00000001974f1000 	/System/Library/Frameworks/MetalPerformanceShaders.framework/Versions/A/Frameworks/MPSNeuralNetwork.framework/Versions/A/MPSNeuralNetwork
0x000000019792a000 	/System/Library/Frameworks/MetalPerformanceShaders.framework/Versions/A/Frameworks/MPSMatrix.framework/Versions/A/MPSMatrix
0x0000000197703000 	/System/Library/Frameworks/MetalPerformanceShaders.framework/Versions/A/Frameworks/MPSRayIntersector.framework/Versions/A/MPSRayIntersector
0x000000019795b000 	/System/Library/Frameworks/MetalPerformanceShaders.framework/Versions/A/Frameworks/MPSNDArray.framework/Versions/A/MPSNDArray
0x00000001f14cf000 	/System/Library/Frameworks/MetalPerformanceShaders.framework/Versions/A/Frameworks/MPSFunctions.framework/Versions/A/MPSFunctions
0x000000018da48000 	/System/Library/PrivateFrameworks/MetalTools.framework/Versions/A/MetalTools
0x00000001968df000 	/System/Library/PrivateFrameworks/AggregateDictionary.framework/Versions/A/AggregateDictionary
0x0000000198815000 	/usr/lib/libIOReport.dylib
0x00000001a2b37000 	/System/Library/PrivateFrameworks/ASEProcessing.framework/Versions/A/ASEProcessing
0x0000000198b8a000 	/System/Library/PrivateFrameworks/FaceCore.framework/Versions/A/FaceCore
0x0000000198b7c000 	/System/Library/PrivateFrameworks/GraphVisualizer.framework/Versions/A/GraphVisualizer
0x00000001f97a7000 	/System/Library/PrivateFrameworks/FontServices.framework/Versions/A/FontServices
0x0000000198f9d000 	/System/Library/PrivateFrameworks/OTSVG.framework/Versions/A/OTSVG
0x00000001944c9000 	/System/Library/Frameworks/ApplicationServices.framework/Versions/A/Frameworks/ATS.framework/Versions/A/Resources/libFontRegistry.dylib
0x0000000198fea000 	/System/Library/PrivateFrameworks/FontServices.framework/libhvf.dylib
0x00000001f97a8000 	/System/Library/PrivateFrameworks/FontServices.framework/libXTFontStaticRegistryData.dylib
0x00000001eed75000 	/System/Library/Frameworks/OpenCL.framework/Versions/A/OpenCL
0x00000001989e4000 	/System/Library/PrivateFrameworks/AppleVA.framework/Versions/A/AppleVA
0x000000019ab88000 	/System/Library/Frameworks/ApplicationServices.framework/Versions/A/Frameworks/ATS.framework/Versions/A/ATS
0x0000000192ef3000 	/System/Library/Frameworks/ApplicationServices.framework/Versions/A/Frameworks/HIServices.framework/Versions/A/HIServices
0x00000001999ef000 	/System/Library/Frameworks/ApplicationServices.framework/Versions/A/Frameworks/PrintCore.framework/Versions/A/PrintCore
0x000000019af1f000 	/System/Library/Frameworks/ApplicationServices.framework/Versions/A/Frameworks/QD.framework/Versions/A/QD
0x000000019af17000 	/System/Library/Frameworks/ApplicationServices.framework/Versions/A/Frameworks/ColorSyncLegacy.framework/Versions/A/ColorSyncLegacy
0x000000019ab74000 	/System/Library/Frameworks/ApplicationServices.framework/Versions/A/Frameworks/SpeechSynthesis.framework/Versions/A/SpeechSynthesis
0x00000001999b0000 	/System/Library/Frameworks/ApplicationServices.framework/Versions/A/Frameworks/ATSUI.framework/Versions/A/ATSUI
0x000000019aeac000 	/usr/lib/libcups.2.dylib
0x000000019b286000 	/System/Library/Frameworks/Kerberos.framework/Versions/A/Kerberos
0x000000019b297000 	/System/Library/Frameworks/GSS.framework/Versions/A/GSS
0x000000019abf8000 	/usr/lib/libresolv.9.dylib
0x0000000198ff9000 	/System/Library/PrivateFrameworks/Heimdal.framework/Versions/A/Heimdal
0x00000001a1d6d000 	/System/Library/Frameworks/Kerberos.framework/Versions/A/Libraries/libHeimdalProxy.dylib
0x0000000193b43000 	/System/Library/Frameworks/Network.framework/Versions/A/Network
0x0000000198a4b000 	/usr/lib/libheimdal-asn1.dylib
0x000000019b2e7000 	/System/Library/PrivateFrameworks/CommonAuth.framework/Versions/A/CommonAuth
0x000000019aaee000 	/System/Library/PrivateFrameworks/AudioSession.framework/Versions/A/AudioSession
0x0000000198add000 	/System/Library/PrivateFrameworks/MediaExperience.framework/Versions/A/MediaExperience
0x000000019a973000 	/System/Library/PrivateFrameworks/AudioSession.framework/libSessionUtility.dylib
0x000000019af2b000 	/System/Library/PrivateFrameworks/AudioResourceArbitration.framework/Versions/A/AudioResourceArbitration
0x000000019f0ee000 	/System/Library/PrivateFrameworks/PowerLog.framework/Versions/A/PowerLog
0x0000000198a55000 	/System/Library/PrivateFrameworks/IconFoundation.framework/Versions/A/IconFoundation
0x000000019de37000 	/System/Library/PrivateFrameworks/SpeechRecognitionCore.framework/Versions/A/SpeechRecognitionCore
0x00000001d2c68000 	/System/Library/CoreServices/Encodings/libKoreanConverter.dylib
0x0000000101cac000 	/Users/yhnoh/Library/Java/JavaVirtualMachines/corretto-17.0.4.1/Contents/Home/lib/server/libjvm.dylib
0x0000000100cbc000 	/Users/yhnoh/Library/Java/JavaVirtualMachines/corretto-17.0.4.1/Contents/Home/lib/libjimage.dylib
0x0000000100d44000 	/Users/yhnoh/Library/Java/JavaVirtualMachines/corretto-17.0.4.1/Contents/Home/lib/libjava.dylib
0x0000000101660000 	/Users/yhnoh/Library/Java/JavaVirtualMachines/corretto-17.0.4.1/Contents/Home/lib/libnio.dylib
0x0000000101680000 	/Users/yhnoh/Library/Java/JavaVirtualMachines/corretto-17.0.4.1/Contents/Home/lib/libnet.dylib
0x00000001016cc000 	/Users/yhnoh/Library/Java/JavaVirtualMachines/corretto-17.0.4.1/Contents/Home/lib/libzip.dylib
0x00000001016a4000 	/Users/yhnoh/Library/Java/JavaVirtualMachines/corretto-17.0.4.1/Contents/Home/lib/libverify.dylib
0x0000000101800000 	/Users/yhnoh/Library/Java/JavaVirtualMachines/corretto-17.0.4.1/Contents/Home/lib/libextnet.dylib
0x0000000101814000 	/Users/yhnoh/Library/Java/JavaVirtualMachines/corretto-17.0.4.1/Contents/Home/lib/libmanagement.dylib
0x0000000101828000 	/Users/yhnoh/Library/Java/JavaVirtualMachines/corretto-17.0.4.1/Contents/Home/lib/libmanagement_ext.dylib


VM Arguments:
jvm_args: -XX:TieredStopAtLevel=1 -Dfile.encoding=UTF-8 -Duser.country=KR -Duser.language=ko -Duser.variant 
java_command: com.example.configclient.ConfigClientApplication --spring.profiles.active=local
java_class_path (initial): /Users/yhnoh/git/spring/spring-msa/config-client/build/classes/java/main:/Users/yhnoh/git/spring/spring-msa/config-client/build/resources/main:/Users/yhnoh/.gradle/caches/modules-2/files-2.1/org.springframework.cloud/spring-cloud-starter-config/3.1.5/436033b79a773a30370b78c497259a674d2d83aa/spring-cloud-starter-config-3.1.5.jar:/Users/yhnoh/.gradle/caches/modules-2/files-2.1/org.springframework.cloud/spring-cloud-starter/3.1.5/4d202021f3b4a3ced491c9c9761b643bfe385776/spring-cloud-starter-3.1.5.jar:/Users/yhnoh/.gradle/caches/modules-2/files-2.1/org.springframework/spring-webmvc/5.3.24/33d2187c2bf1cb2c222bd1cc18b618736babcf3d/spring-webmvc-5.3.24.jar:/Users/yhnoh/.gradle/caches/modules-2/files-2.1/org.springframework.cloud/spring-cloud-config-client/3.1.5/c5139972bb4cec5f76cbb8e589c7ebff362890aa/spring-cloud-config-client-3.1.5.jar:/Users/yhnoh/.gradle/caches/modules-2/files-2.1/org.springframework/spring-web/5.3.24/d89bbcaabb1ff247a089875cbc4211bfe96c9a59/spring-web-5.3.24.jar:/Users/yhnoh/.gradle/caches/modules-2/files-2.1/org.springframework.boot/spring-boot-actuator-autoconfigure/2.7.7/673071fd05c6838156e3d96e91a8ef5ea3f3afdd/spring-boot-actuator-autoconfigure-2.7.7.jar:/Users/yhnoh/.gradle/caches/modules-2/files-2.1/com.fasterxml.jackson.datatype/jackson-datatype-jsr310/2.13.4/e6d820112871f33cd94a1dcc54eef58874753b5/jackson-datatype-jsr310-2.13.4.jar:/Users/yhnoh/.gradle/caches/modules-2/files-2.1/com.fasterxml.jackson.module/jackson-module-parameter-names/2.13.4/858ccf6624b5fac6044813e845063edb6a62cf37/jackson-module-parameter-names-2.13.4.jar:/Users/yhnoh/.gradle/caches/modules-2/files-2.1/com.fasterxml.jackson.core/jackson-annotations/2.13.4/858c6cc78e1f08a885b1613e1d817c829df70a6e/jackson-annotations-2.13.4.jar:/Users/yhnoh/.gradle/caches/modules-2/files-2.1/com.fasterxml.jackson.core/jackson-core/2.13.4/cf934c681294b97ef6d80082faeefbe1edadf56/jackson-core-2.13.4.jar:/Users/yhnoh/.gradle/caches/modules-2/files-2.1/com.fasterxml.j
Launcher Type: SUN_STANDARD

[Global flags]
     intx CICompilerCount                          = 4                                         {product} {ergonomic}
     uint ConcGCThreads                            = 2                                         {product} {ergonomic}
     uint G1ConcRefinementThreads                  = 9                                         {product} {ergonomic}
   size_t G1HeapRegionSize                         = 2097152                                   {product} {ergonomic}
    uintx GCDrainStackTargetSize                   = 64                                        {product} {ergonomic}
   size_t InitialHeapSize                          = 268435456                                 {product} {ergonomic}
   size_t MarkStackSize                            = 4194304                                   {product} {ergonomic}
   size_t MaxHeapSize                              = 4294967296                                {product} {ergonomic}
   size_t MaxNewSize                               = 2575302656                                {product} {ergonomic}
   size_t MinHeapDeltaBytes                        = 2097152                                   {product} {ergonomic}
   size_t MinHeapSize                              = 8388608                                   {product} {ergonomic}
    uintx NonProfiledCodeHeapSize                  = 0                                      {pd product} {ergonomic}
     bool ProfileInterpreter                       = false                                  {pd product} {command line}
    uintx ProfiledCodeHeapSize                     = 0                                      {pd product} {ergonomic}
   size_t SoftMaxHeapSize                          = 4294967296                             {manageable} {ergonomic}
     intx TieredStopAtLevel                        = 1                                         {product} {command line}
     bool UseCompressedClassPointers               = true                           {product lp64_product} {ergonomic}
     bool UseCompressedOops                        = true                           {product lp64_product} {ergonomic}
     bool UseG1GC                                  = true                                      {product} {ergonomic}
     bool UseNUMA                                  = false                                     {product} {ergonomic}
     bool UseNUMAInterleaving                      = false                                     {product} {ergonomic}

Logging:
Log output configuration:
 #0: stdout all=warning uptime,level,tags
 #1: stderr all=off uptime,level,tags

Environment Variables:
JAVA_HOME=/Users/yhnoh/Library/Java/JavaVirtualMachines/corretto-17.0.4.1/Contents/Home
PATH=/opt/homebrew/bin:/usr/local/bin:/usr/bin:/bin:/usr/sbin:/sbin:/Users/yhnoh/Library/Application Support/JetBrains/Toolbox/scripts
SHELL=/bin/zsh
LANG=en_US.UTF-8
LC_CTYPE=ko_KR.UTF-8
TERM=xterm-256color
TMPDIR=/var/folders/p7/4cmnl2t12xv72gb6b2wrvcm00000gn/T/

Signal Handlers:
   SIGSEGV: crash_handler in libjvm.dylib, mask=11100110000111110111111111111111, flags=SA_RESTART|SA_SIGINFO
    SIGBUS: crash_handler in libjvm.dylib, mask=11100110000111110111111111111111, flags=SA_RESTART|SA_SIGINFO
    SIGFPE: crash_handler in libjvm.dylib, mask=11100110000111110111111111111111, flags=SA_RESTART|SA_SIGINFO
   SIGPIPE: javaSignalHandler in libjvm.dylib, mask=11100110000111110111111111111111, flags=SA_RESTART|SA_SIGINFO
   SIGXFSZ: javaSignalHandler in libjvm.dylib, mask=11100110000111110111111111111111, flags=SA_RESTART|SA_SIGINFO
    SIGILL: crash_handler in libjvm.dylib, mask=11100110000111110111111111111111, flags=SA_RESTART|SA_SIGINFO
   SIGUSR2: SR_handler in libjvm.dylib, mask=00100000000000000000000000000000, flags=SA_RESTART|SA_SIGINFO
    SIGHUP: UserHandler in libjvm.dylib, mask=11100110000111110111111111111111, flags=SA_RESTART|SA_SIGINFO
    SIGINT: UserHandler in libjvm.dylib, mask=11100110000111110111111111111111, flags=SA_RESTART|SA_SIGINFO
   SIGTERM: UserHandler in libjvm.dylib, mask=11100110000111110111111111111111, flags=SA_RESTART|SA_SIGINFO
   SIGQUIT: UserHandler in libjvm.dylib, mask=11100110000111110111111111111111, flags=SA_RESTART|SA_SIGINFO
  *** Handler was modified!
  *** Expected: javaSignalHandler in libjvm.dylib, mask=11100110100111111111111111111111, flags=SA_RESTART|SA_SIGINFO
   SIGTRAP: crash_handler in libjvm.dylib, mask=11100110000111110111111111111111, flags=SA_RESTART|SA_SIGINFO


---------------  S Y S T E M  ---------------

OS:
uname: Darwin 21.6.0 Darwin Kernel Version 21.6.0: Mon Aug 22 20:19:52 PDT 2022; root:xnu-8020.140.49~2/RELEASE_ARM64_T6000 arm64
OS uptime: 7 days 12:21 hours
rlimit (soft/hard): STACK 8176k/65520k , CORE 0k/infinity , NPROC 2666/4000 , NOFILE 10240/infinity , AS infinity/infinity , CPU infinity/infinity , DATA infinity/infinity , FSIZE infinity/infinity , MEMLOCK infinity/infinity , RSS infinity/infinity
load average: 3.03 2.58 2.51

CPU: total 10 (initial active 10) 0x61:0x0:0x1b588bb3:0, fp, simd, crc, lse

Memory: 16k page, physical 16777216k(68784k free), swap 0k(0k free)

vm_info: OpenJDK 64-Bit Server VM (17.0.4.1+9-LTS) for bsd-aarch64 JRE (17.0.4.1+9-LTS), built on Aug 12 2022 17:23:37 by "ec2user" with clang Apple LLVM 13.0.0 (clang-1300.0.29.30)

END.
